2018-08-24 00:11:28.977  INFO 15968 --- [main] x.m.hgserver.HgserverApplicationKt       : Starting HgserverApplicationKt on Croxx with PID 15968 (F:\CroxxWorks\Web\hgserver\out\production\classes started by croxx in F:\CroxxWorks\Web\hgserver)
2018-08-24 00:11:28.977 DEBUG 15968 --- [main] x.m.hgserver.HgserverApplicationKt       : Running with Spring Boot v2.0.4.RELEASE, Spring v5.0.8.RELEASE
2018-08-24 00:11:28.993  INFO 15968 --- [main] x.m.hgserver.HgserverApplicationKt       : No active profile set, falling back to default profiles: default
2018-08-24 00:11:29.024  INFO 15968 --- [main] ConfigServletWebServerApplicationContext : Refreshing org.springframework.boot.web.servlet.context.AnnotationConfigServletWebServerApplicationContext@485e36bc: startup date [Fri Aug 24 00:11:29 CST 2018]; root of context hierarchy
2018-08-24 00:11:29.611  INFO 15968 --- [main] .s.d.r.c.RepositoryConfigurationDelegate : Multiple Spring Data modules found, entering strict repository configuration mode!
2018-08-24 00:11:29.657  INFO 15968 --- [main] .s.d.r.c.RepositoryConfigurationDelegate : Multiple Spring Data modules found, entering strict repository configuration mode!
2018-08-24 00:11:29.673  INFO 15968 --- [main] .RepositoryConfigurationExtensionSupport : Spring Data Redis - Could not safely identify store assignment for repository candidate interface xyz.mrcroxx.hgserver.A1Repository.
2018-08-24 00:11:29.992  INFO 15968 --- [main] trationDelegate$BeanPostProcessorChecker : Bean 'org.springframework.transaction.annotation.ProxyTransactionManagementConfiguration' of type [org.springframework.transaction.annotation.ProxyTransactionManagementConfiguration$$EnhancerBySpringCGLIB$$94049d8a] is not eligible for getting processed by all BeanPostProcessors (for example: not eligible for auto-proxying)
2018-08-24 00:11:30.340  INFO 15968 --- [main] o.s.b.w.embedded.tomcat.TomcatWebServer  : Tomcat initialized with port(s): 8080 (http)
2018-08-24 00:11:30.355  INFO 15968 --- [main] o.apache.catalina.core.StandardService   : Starting service [Tomcat]
2018-08-24 00:11:30.355  INFO 15968 --- [main] org.apache.catalina.core.StandardEngine  : Starting Servlet Engine: Apache Tomcat/8.5.32
2018-08-24 00:11:30.355  INFO 15968 --- [localhost-startStop-1] o.a.catalina.core.AprLifecycleListener   : The APR based Apache Tomcat Native library which allows optimal performance in production environments was not found on the java.library.path: [C:\Program Files\Java\jdk-10.0.2\bin;C:\Windows\Sun\Java\bin;C:\Windows\system32;C:\Windows;C:\Program Files\NVIDIA GPU Computing Toolkit\CUDA\v9.0\bin;C:\Program Files\NVIDIA GPU Computing Toolkit\CUDA\v9.0\libnvvp;C:\Program Files (x86)\Intel\Intel(R) Management Engine Components\iCLS\;C:\Program Files\Intel\Intel(R) Management Engine Components\iCLS\;C:\Program Files (x86)\Common Files\Oracle\Java\javapath;C:\Windows\system32;C:\Windows;C:\Windows\System32\Wbem;C:\Windows\System32\WindowsPowerShell\v1.0\;C:\Windows\System32\OpenSSH\;C:\Program Files\Intel\WiFi\bin\;C:\Program Files\Common Files\Intel\WirelessCommon\;C:\Program Files\Java\jdk-10.0.2\bin;D:\Program Files\Git\cmd;C:\Program Files (x86)\Intel\Intel(R) Management Engine Components\DAL;C:\Program Files\Intel\Intel(R) Management Engine Components\DAL;C:\Program Files (x86)\Intel\Intel(R) Management Engine Components\IPT;C:\Program Files\Intel\Intel(R) Management Engine Components\IPT;D:\Program Files\Microsoft VS Code\bin;C:\Program Files (x86)\NVIDIA Corporation\PhysX\Common;D:\Program Files\PuTTY\;C:\Users\croxx\AppData\Local\Programs\Python\Python36\Scripts\;C:\Users\croxx\AppData\Local\Programs\Python\Python36\;C:\Users\croxx\AppData\Local\Microsoft\WindowsApps;D:\Program Files\Bandizip\;C:\Program Files\Intel\WiFi\bin\;C:\Program Files\Common Files\Intel\WirelessCommon\;.]
2018-08-24 00:11:30.541  INFO 15968 --- [localhost-startStop-1] o.a.c.c.C.[Tomcat].[localhost].[/]       : Initializing Spring embedded WebApplicationContext
2018-08-24 00:11:30.541  INFO 15968 --- [localhost-startStop-1] o.s.web.context.ContextLoader            : Root WebApplicationContext: initialization completed in 1517 ms
2018-08-24 00:11:30.634  INFO 15968 --- [localhost-startStop-1] o.s.b.w.servlet.ServletRegistrationBean  : Servlet dispatcherServlet mapped to [/]
2018-08-24 00:11:30.634  INFO 15968 --- [localhost-startStop-1] o.s.b.w.servlet.FilterRegistrationBean   : Mapping filter: 'characterEncodingFilter' to: [/*]
2018-08-24 00:11:30.634  INFO 15968 --- [localhost-startStop-1] o.s.b.w.servlet.FilterRegistrationBean   : Mapping filter: 'hiddenHttpMethodFilter' to: [/*]
2018-08-24 00:11:30.634  INFO 15968 --- [localhost-startStop-1] o.s.b.w.servlet.FilterRegistrationBean   : Mapping filter: 'httpPutFormContentFilter' to: [/*]
2018-08-24 00:11:30.634  INFO 15968 --- [localhost-startStop-1] o.s.b.w.servlet.FilterRegistrationBean   : Mapping filter: 'requestContextFilter' to: [/*]
2018-08-24 00:11:30.775  INFO 15968 --- [main] j.LocalContainerEntityManagerFactoryBean : Building JPA container EntityManagerFactory for persistence unit 'default'
2018-08-24 00:11:30.775  INFO 15968 --- [main] o.hibernate.jpa.internal.util.LogHelper  : HHH000204: Processing PersistenceUnitInfo [
	name: default
	...]
2018-08-24 00:11:30.838  INFO 15968 --- [main] org.hibernate.Version                    : HHH000412: Hibernate Core {5.2.17.Final}
2018-08-24 00:11:30.838  INFO 15968 --- [main] org.hibernate.cfg.Environment            : HHH000206: hibernate.properties not found
2018-08-24 00:11:30.884  INFO 15968 --- [main] o.hibernate.annotations.common.Version   : HCANN000001: Hibernate Commons Annotations {5.0.1.Final}
2018-08-24 00:11:30.977  INFO 15968 --- [main] com.zaxxer.hikari.HikariDataSource       : HikariPool-1 - Starting...
2018-08-24 00:11:31.479  INFO 15968 --- [main] com.zaxxer.hikari.HikariDataSource       : HikariPool-1 - Start completed.
2018-08-24 00:11:31.479  INFO 15968 --- [main] org.hibernate.dialect.Dialect            : HHH000400: Using dialect: org.hibernate.dialect.MySQL5Dialect
2018-08-24 00:11:32.041  INFO 15968 --- [main] j.LocalContainerEntityManagerFactoryBean : Initialized JPA EntityManagerFactory for persistence unit 'default'
2018-08-24 00:11:32.540  INFO 15968 --- [main] o.s.w.s.handler.SimpleUrlHandlerMapping  : Mapped URL path [/**/favicon.ico] onto handler of type [class org.springframework.web.servlet.resource.ResourceHttpRequestHandler]
2018-08-24 00:11:32.774  INFO 15968 --- [main] s.w.s.m.m.a.RequestMappingHandlerAdapter : Looking for @ControllerAdvice: org.springframework.boot.web.servlet.context.AnnotationConfigServletWebServerApplicationContext@485e36bc: startup date [Fri Aug 24 00:11:29 CST 2018]; root of context hierarchy
2018-08-24 00:11:32.805  WARN 15968 --- [main] aWebConfiguration$JpaWebMvcConfiguration : spring.jpa.open-in-view is enabled by default. Therefore, database queries may be performed during view rendering. Explicitly configure spring.jpa.open-in-view to disable this warning
2018-08-24 00:11:32.837  INFO 15968 --- [main] s.w.s.m.m.a.RequestMappingHandlerMapping : Mapped "{[/test],methods=[GET]}" onto public java.lang.String xyz.mrcroxx.hgserver.WXcontroller.test()
2018-08-24 00:11:32.837  INFO 15968 --- [main] s.w.s.m.m.a.RequestMappingHandlerMapping : Mapped "{[/wx],methods=[GET]}" onto public java.lang.String xyz.mrcroxx.hgserver.WXcontroller.wxGet(java.lang.String,java.lang.String,java.lang.String,java.lang.String)
2018-08-24 00:11:32.837  INFO 15968 --- [main] s.w.s.m.m.a.RequestMappingHandlerMapping : Mapped "{[/wx],methods=[POST],consumes=[text/xml],produces=[text/xml]}" onto public xyz.mrcroxx.hgserver.WXMessage xyz.mrcroxx.hgserver.WXcontroller.wxPost(xyz.mrcroxx.hgserver.WXMessage)
2018-08-24 00:11:32.837  INFO 15968 --- [main] s.w.s.m.m.a.RequestMappingHandlerMapping : Mapped "{[/testt],methods=[GET]}" onto public java.lang.String xyz.mrcroxx.hgserver.WXcontroller.testt()
2018-08-24 00:11:32.837  INFO 15968 --- [main] s.w.s.m.m.a.RequestMappingHandlerMapping : Mapped "{[/error]}" onto public org.springframework.http.ResponseEntity<java.util.Map<java.lang.String, java.lang.Object>> org.springframework.boot.autoconfigure.web.servlet.error.BasicErrorController.error(javax.servlet.http.HttpServletRequest)
2018-08-24 00:11:32.837  INFO 15968 --- [main] s.w.s.m.m.a.RequestMappingHandlerMapping : Mapped "{[/error],produces=[text/html]}" onto public org.springframework.web.servlet.ModelAndView org.springframework.boot.autoconfigure.web.servlet.error.BasicErrorController.errorHtml(javax.servlet.http.HttpServletRequest,javax.servlet.http.HttpServletResponse)
2018-08-24 00:11:32.868  INFO 15968 --- [main] o.s.w.s.handler.SimpleUrlHandlerMapping  : Mapped URL path [/webjars/**] onto handler of type [class org.springframework.web.servlet.resource.ResourceHttpRequestHandler]
2018-08-24 00:11:32.868  INFO 15968 --- [main] o.s.w.s.handler.SimpleUrlHandlerMapping  : Mapped URL path [/**] onto handler of type [class org.springframework.web.servlet.resource.ResourceHttpRequestHandler]
2018-08-24 00:11:33.226  INFO 15968 --- [main] o.s.j.e.a.AnnotationMBeanExporter        : Registering beans for JMX exposure on startup
2018-08-24 00:11:33.226  INFO 15968 --- [main] o.s.j.e.a.AnnotationMBeanExporter        : Bean with name 'dataSource' has been autodetected for JMX exposure
2018-08-24 00:11:33.241  INFO 15968 --- [main] o.s.j.e.a.AnnotationMBeanExporter        : Located MBean 'dataSource': registering with JMX server as MBean [com.zaxxer.hikari:name=dataSource,type=HikariDataSource]
2018-08-24 00:11:33.272  INFO 15968 --- [main] o.s.b.w.embedded.tomcat.TomcatWebServer  : Tomcat started on port(s): 8080 (http) with context path ''
2018-08-24 00:11:33.272  INFO 15968 --- [main] x.m.hgserver.HgserverApplicationKt       : Started HgserverApplicationKt in 4.606 seconds (JVM running for 5.736)
2018-08-24 00:11:46.555  INFO 15968 --- [http-nio-8080-exec-1] o.a.c.c.C.[Tomcat].[localhost].[/]       : Initializing Spring FrameworkServlet 'dispatcherServlet'
2018-08-24 00:11:46.555  INFO 15968 --- [http-nio-8080-exec-1] o.s.web.servlet.DispatcherServlet        : FrameworkServlet 'dispatcherServlet': initialization started
2018-08-24 00:11:46.579  INFO 15968 --- [http-nio-8080-exec-1] o.s.web.servlet.DispatcherServlet        : FrameworkServlet 'dispatcherServlet': initialization completed in 24 ms
2018-08-24 00:11:46.741 DEBUG 15968 --- [http-nio-8080-exec-1] xyz.mrcroxx.hgserver.WXcontroller        : WXMessage(toUsername=fromUserName, fromUserName=toUserName, createTime=1348831860, msgType=text, content=大三, msgId=0, event=)
2018-08-24 00:11:46.819  INFO 15968 --- [http-nio-8080-exec-1] io.lettuce.core.EpollProvider            : Starting without optional epoll library
2018-08-24 00:11:46.819  INFO 15968 --- [http-nio-8080-exec-1] io.lettuce.core.KqueueProvider           : Starting without optional kqueue library
2018-08-24 00:11:55.062 DEBUG 15968 --- [http-nio-8080-exec-2] xyz.mrcroxx.hgserver.WXcontroller        : WXMessage(toUsername=fromUserName, fromUserName=toUserName, createTime=1348831860, msgType=text, content=cp, msgId=0, event=)
2018-08-24 00:12:02.998 DEBUG 15968 --- [http-nio-8080-exec-3] xyz.mrcroxx.hgserver.WXcontroller        : WXMessage(toUsername=fromUserName, fromUserName=toUserName, createTime=1348831860, msgType=text, content=确定, msgId=0, event=)
2018-08-24 00:12:07.585 DEBUG 15968 --- [http-nio-8080-exec-4] xyz.mrcroxx.hgserver.WXcontroller        : WXMessage(toUsername=fromUserName, fromUserName=toUserName, createTime=1348831860, msgType=text, content=报名, msgId=0, event=)
2018-08-24 00:12:11.987 DEBUG 15968 --- [http-nio-8080-exec-5] xyz.mrcroxx.hgserver.WXcontroller        : WXMessage(toUsername=fromUserName, fromUserName=toUserName, createTime=1348831860, msgType=text, content=BUAA, msgId=0, event=)
2018-08-24 00:12:17.483 DEBUG 15968 --- [http-nio-8080-exec-6] xyz.mrcroxx.hgserver.WXcontroller        : WXMessage(toUsername=fromUserName, fromUserName=toUserName, createTime=1348831860, msgType=text, content=大三, msgId=0, event=)
2018-08-24 00:12:22.105 DEBUG 15968 --- [http-nio-8080-exec-7] xyz.mrcroxx.hgserver.WXcontroller        : WXMessage(toUsername=fromUserName, fromUserName=toUserName, createTime=1348831860, msgType=text, content=叉叉, msgId=0, event=)
2018-08-24 00:12:26.037 DEBUG 15968 --- [http-nio-8080-exec-8] xyz.mrcroxx.hgserver.WXcontroller        : WXMessage(toUsername=fromUserName, fromUserName=toUserName, createTime=1348831860, msgType=text, content=男, msgId=0, event=)
2018-08-24 00:12:29.263 DEBUG 15968 --- [http-nio-8080-exec-9] xyz.mrcroxx.hgserver.WXcontroller        : WXMessage(toUsername=fromUserName, fromUserName=toUserName, createTime=1348831860, msgType=text, content=女, msgId=0, event=)
2018-08-24 00:12:34.329 DEBUG 15968 --- [http-nio-8080-exec-10] xyz.mrcroxx.hgserver.WXcontroller        : WXMessage(toUsername=fromUserName, fromUserName=toUserName, createTime=1348831860, msgType=text, content=617154443, msgId=0, event=)
2018-08-24 00:12:41.268 DEBUG 15968 --- [http-nio-8080-exec-1] xyz.mrcroxx.hgserver.WXcontroller        : WXMessage(toUsername=fromUserName, fromUserName=toUserName, createTime=1348831860, msgType=text, content=？？？3, msgId=0, event=)
2018-08-24 00:12:49.109 DEBUG 15968 --- [http-nio-8080-exec-2] xyz.mrcroxx.hgserver.WXcontroller        : WXMessage(toUsername=fromUserName, fromUserName=toUserName, createTime=1348831860, msgType=text, content=确定, msgId=0, event=)
2018-08-24 00:12:57.869 DEBUG 15968 --- [http-nio-8080-exec-3] xyz.mrcroxx.hgserver.WXcontroller        : WXMessage(toUsername=fromUserName, fromUserName=toUserName, createTime=1348831860, msgType=text, content=确定, msgId=0, event=)
2018-08-24 00:13:25.516 DEBUG 15968 --- [http-nio-8080-exec-4] xyz.mrcroxx.hgserver.WXcontroller        : WXMessage(toUsername=fromUserName, fromUserName=toUserName, createTime=1348831860, msgType=text, content=确定, msgId=0, event=)
2018-08-24 00:13:43.625 DEBUG 15968 --- [http-nio-8080-exec-5] xyz.mrcroxx.hgserver.WXcontroller        : WXMessage(toUsername=fromUserName, fromUserName=toUserName, createTime=1348831860, msgType=text, content=取消, msgId=0, event=)
2018-08-24 00:14:22.932  INFO 18420 --- [main] x.m.hgserver.HgserverApplicationKt       : Starting HgserverApplicationKt on Croxx with PID 18420 (F:\CroxxWorks\Web\hgserver\out\production\classes started by croxx in F:\CroxxWorks\Web\hgserver)
2018-08-24 00:14:22.935 DEBUG 18420 --- [main] x.m.hgserver.HgserverApplicationKt       : Running with Spring Boot v2.0.4.RELEASE, Spring v5.0.8.RELEASE
2018-08-24 00:14:22.936  INFO 18420 --- [main] x.m.hgserver.HgserverApplicationKt       : No active profile set, falling back to default profiles: default
2018-08-24 00:14:22.988  INFO 18420 --- [main] ConfigServletWebServerApplicationContext : Refreshing org.springframework.boot.web.servlet.context.AnnotationConfigServletWebServerApplicationContext@68ad99fe: startup date [Fri Aug 24 00:14:22 CST 2018]; root of context hierarchy
2018-08-24 00:14:23.706  INFO 18420 --- [main] .s.d.r.c.RepositoryConfigurationDelegate : Multiple Spring Data modules found, entering strict repository configuration mode!
2018-08-24 00:14:23.768  INFO 18420 --- [main] .s.d.r.c.RepositoryConfigurationDelegate : Multiple Spring Data modules found, entering strict repository configuration mode!
2018-08-24 00:14:23.784  INFO 18420 --- [main] .RepositoryConfigurationExtensionSupport : Spring Data Redis - Could not safely identify store assignment for repository candidate interface xyz.mrcroxx.hgserver.A1Repository.
2018-08-24 00:14:24.122  INFO 18420 --- [main] trationDelegate$BeanPostProcessorChecker : Bean 'org.springframework.transaction.annotation.ProxyTransactionManagementConfiguration' of type [org.springframework.transaction.annotation.ProxyTransactionManagementConfiguration$$EnhancerBySpringCGLIB$$5fed7384] is not eligible for getting processed by all BeanPostProcessors (for example: not eligible for auto-proxying)
2018-08-24 00:14:24.448  INFO 18420 --- [main] o.s.b.w.embedded.tomcat.TomcatWebServer  : Tomcat initialized with port(s): 8080 (http)
2018-08-24 00:14:24.479  INFO 18420 --- [main] o.apache.catalina.core.StandardService   : Starting service [Tomcat]
2018-08-24 00:14:24.479  INFO 18420 --- [main] org.apache.catalina.core.StandardEngine  : Starting Servlet Engine: Apache Tomcat/8.5.32
2018-08-24 00:14:24.479  INFO 18420 --- [localhost-startStop-1] o.a.catalina.core.AprLifecycleListener   : The APR based Apache Tomcat Native library which allows optimal performance in production environments was not found on the java.library.path: [C:\Program Files\Java\jdk-10.0.2\bin;C:\Windows\Sun\Java\bin;C:\Windows\system32;C:\Windows;C:\Program Files\NVIDIA GPU Computing Toolkit\CUDA\v9.0\bin;C:\Program Files\NVIDIA GPU Computing Toolkit\CUDA\v9.0\libnvvp;C:\Program Files (x86)\Intel\Intel(R) Management Engine Components\iCLS\;C:\Program Files\Intel\Intel(R) Management Engine Components\iCLS\;C:\Program Files (x86)\Common Files\Oracle\Java\javapath;C:\Windows\system32;C:\Windows;C:\Windows\System32\Wbem;C:\Windows\System32\WindowsPowerShell\v1.0\;C:\Windows\System32\OpenSSH\;C:\Program Files\Intel\WiFi\bin\;C:\Program Files\Common Files\Intel\WirelessCommon\;C:\Program Files\Java\jdk-10.0.2\bin;D:\Program Files\Git\cmd;C:\Program Files (x86)\Intel\Intel(R) Management Engine Components\DAL;C:\Program Files\Intel\Intel(R) Management Engine Components\DAL;C:\Program Files (x86)\Intel\Intel(R) Management Engine Components\IPT;C:\Program Files\Intel\Intel(R) Management Engine Components\IPT;D:\Program Files\Microsoft VS Code\bin;C:\Program Files (x86)\NVIDIA Corporation\PhysX\Common;D:\Program Files\PuTTY\;C:\Users\croxx\AppData\Local\Programs\Python\Python36\Scripts\;C:\Users\croxx\AppData\Local\Programs\Python\Python36\;C:\Users\croxx\AppData\Local\Microsoft\WindowsApps;D:\Program Files\Bandizip\;C:\Program Files\Intel\WiFi\bin\;C:\Program Files\Common Files\Intel\WirelessCommon\;.]
2018-08-24 00:14:24.658  INFO 18420 --- [localhost-startStop-1] o.a.c.c.C.[Tomcat].[localhost].[/]       : Initializing Spring embedded WebApplicationContext
2018-08-24 00:14:24.658  INFO 18420 --- [localhost-startStop-1] o.s.web.context.ContextLoader            : Root WebApplicationContext: initialization completed in 1670 ms
2018-08-24 00:14:24.736  INFO 18420 --- [localhost-startStop-1] o.s.b.w.servlet.ServletRegistrationBean  : Servlet dispatcherServlet mapped to [/]
2018-08-24 00:14:24.752  INFO 18420 --- [localhost-startStop-1] o.s.b.w.servlet.FilterRegistrationBean   : Mapping filter: 'characterEncodingFilter' to: [/*]
2018-08-24 00:14:24.752  INFO 18420 --- [localhost-startStop-1] o.s.b.w.servlet.FilterRegistrationBean   : Mapping filter: 'hiddenHttpMethodFilter' to: [/*]
2018-08-24 00:14:24.752  INFO 18420 --- [localhost-startStop-1] o.s.b.w.servlet.FilterRegistrationBean   : Mapping filter: 'httpPutFormContentFilter' to: [/*]
2018-08-24 00:14:24.752  INFO 18420 --- [localhost-startStop-1] o.s.b.w.servlet.FilterRegistrationBean   : Mapping filter: 'requestContextFilter' to: [/*]
2018-08-24 00:14:24.893  INFO 18420 --- [main] j.LocalContainerEntityManagerFactoryBean : Building JPA container EntityManagerFactory for persistence unit 'default'
2018-08-24 00:14:24.908  INFO 18420 --- [main] o.hibernate.jpa.internal.util.LogHelper  : HHH000204: Processing PersistenceUnitInfo [
	name: default
	...]
2018-08-24 00:14:24.963  INFO 18420 --- [main] org.hibernate.Version                    : HHH000412: Hibernate Core {5.2.17.Final}
2018-08-24 00:14:24.963  INFO 18420 --- [main] org.hibernate.cfg.Environment            : HHH000206: hibernate.properties not found
2018-08-24 00:14:24.994  INFO 18420 --- [main] o.hibernate.annotations.common.Version   : HCANN000001: Hibernate Commons Annotations {5.0.1.Final}
2018-08-24 00:14:25.072  INFO 18420 --- [main] com.zaxxer.hikari.HikariDataSource       : HikariPool-1 - Starting...
2018-08-24 00:14:25.524  INFO 18420 --- [main] com.zaxxer.hikari.HikariDataSource       : HikariPool-1 - Start completed.
2018-08-24 00:14:25.532  INFO 18420 --- [main] org.hibernate.dialect.Dialect            : HHH000400: Using dialect: org.hibernate.dialect.MySQL5Dialect
2018-08-24 00:14:25.965  INFO 18420 --- [main] j.LocalContainerEntityManagerFactoryBean : Initialized JPA EntityManagerFactory for persistence unit 'default'
2018-08-24 00:14:26.400  INFO 18420 --- [main] o.s.w.s.handler.SimpleUrlHandlerMapping  : Mapped URL path [/**/favicon.ico] onto handler of type [class org.springframework.web.servlet.resource.ResourceHttpRequestHandler]
2018-08-24 00:14:26.610  INFO 18420 --- [main] s.w.s.m.m.a.RequestMappingHandlerAdapter : Looking for @ControllerAdvice: org.springframework.boot.web.servlet.context.AnnotationConfigServletWebServerApplicationContext@68ad99fe: startup date [Fri Aug 24 00:14:22 CST 2018]; root of context hierarchy
2018-08-24 00:14:26.626  WARN 18420 --- [main] aWebConfiguration$JpaWebMvcConfiguration : spring.jpa.open-in-view is enabled by default. Therefore, database queries may be performed during view rendering. Explicitly configure spring.jpa.open-in-view to disable this warning
2018-08-24 00:14:26.657  INFO 18420 --- [main] s.w.s.m.m.a.RequestMappingHandlerMapping : Mapped "{[/testt],methods=[GET]}" onto public java.lang.String xyz.mrcroxx.hgserver.WXcontroller.testt()
2018-08-24 00:14:26.673  INFO 18420 --- [main] s.w.s.m.m.a.RequestMappingHandlerMapping : Mapped "{[/wx],methods=[GET]}" onto public java.lang.String xyz.mrcroxx.hgserver.WXcontroller.wxGet(java.lang.String,java.lang.String,java.lang.String,java.lang.String)
2018-08-24 00:14:26.673  INFO 18420 --- [main] s.w.s.m.m.a.RequestMappingHandlerMapping : Mapped "{[/wx],methods=[POST],consumes=[text/xml],produces=[text/xml]}" onto public xyz.mrcroxx.hgserver.WXMessage xyz.mrcroxx.hgserver.WXcontroller.wxPost(xyz.mrcroxx.hgserver.WXMessage)
2018-08-24 00:14:26.673  INFO 18420 --- [main] s.w.s.m.m.a.RequestMappingHandlerMapping : Mapped "{[/test],methods=[GET]}" onto public java.lang.String xyz.mrcroxx.hgserver.WXcontroller.test()
2018-08-24 00:14:26.673  INFO 18420 --- [main] s.w.s.m.m.a.RequestMappingHandlerMapping : Mapped "{[/error],produces=[text/html]}" onto public org.springframework.web.servlet.ModelAndView org.springframework.boot.autoconfigure.web.servlet.error.BasicErrorController.errorHtml(javax.servlet.http.HttpServletRequest,javax.servlet.http.HttpServletResponse)
2018-08-24 00:14:26.673  INFO 18420 --- [main] s.w.s.m.m.a.RequestMappingHandlerMapping : Mapped "{[/error]}" onto public org.springframework.http.ResponseEntity<java.util.Map<java.lang.String, java.lang.Object>> org.springframework.boot.autoconfigure.web.servlet.error.BasicErrorController.error(javax.servlet.http.HttpServletRequest)
2018-08-24 00:14:26.688  INFO 18420 --- [main] o.s.w.s.handler.SimpleUrlHandlerMapping  : Mapped URL path [/webjars/**] onto handler of type [class org.springframework.web.servlet.resource.ResourceHttpRequestHandler]
2018-08-24 00:14:26.688  INFO 18420 --- [main] o.s.w.s.handler.SimpleUrlHandlerMapping  : Mapped URL path [/**] onto handler of type [class org.springframework.web.servlet.resource.ResourceHttpRequestHandler]
2018-08-24 00:14:26.980  INFO 18420 --- [main] o.s.j.e.a.AnnotationMBeanExporter        : Registering beans for JMX exposure on startup
2018-08-24 00:14:26.980  INFO 18420 --- [main] o.s.j.e.a.AnnotationMBeanExporter        : Bean with name 'dataSource' has been autodetected for JMX exposure
2018-08-24 00:14:26.980  INFO 18420 --- [main] o.s.j.e.a.AnnotationMBeanExporter        : Located MBean 'dataSource': registering with JMX server as MBean [com.zaxxer.hikari:name=dataSource,type=HikariDataSource]
2018-08-24 00:14:27.012  INFO 18420 --- [main] o.s.b.w.embedded.tomcat.TomcatWebServer  : Tomcat started on port(s): 8080 (http) with context path ''
2018-08-24 00:14:27.027  INFO 18420 --- [main] x.m.hgserver.HgserverApplicationKt       : Started HgserverApplicationKt in 4.509 seconds (JVM running for 5.536)
2018-08-24 00:14:29.858  INFO 18420 --- [http-nio-8080-exec-1] o.a.c.c.C.[Tomcat].[localhost].[/]       : Initializing Spring FrameworkServlet 'dispatcherServlet'
2018-08-24 00:14:29.858  INFO 18420 --- [http-nio-8080-exec-1] o.s.web.servlet.DispatcherServlet        : FrameworkServlet 'dispatcherServlet': initialization started
2018-08-24 00:14:29.889  INFO 18420 --- [http-nio-8080-exec-1] o.s.web.servlet.DispatcherServlet        : FrameworkServlet 'dispatcherServlet': initialization completed in 31 ms
2018-08-24 00:14:30.010 DEBUG 18420 --- [http-nio-8080-exec-1] xyz.mrcroxx.hgserver.WXcontroller        : WXMessage(toUsername=fromUserName, fromUserName=toUserName, createTime=1348831860, msgType=text, content=确定, msgId=0, event=)
2018-08-24 00:14:30.089  INFO 18420 --- [http-nio-8080-exec-1] io.lettuce.core.EpollProvider            : Starting without optional epoll library
2018-08-24 00:14:30.089  INFO 18420 --- [http-nio-8080-exec-1] io.lettuce.core.KqueueProvider           : Starting without optional kqueue library
2018-08-24 00:15:15.955 DEBUG 18420 --- [http-nio-8080-exec-2] xyz.mrcroxx.hgserver.WXcontroller        : WXMessage(toUsername=fromUserName, fromUserName=toUserName, createTime=1348831860, msgType=text, content=cp, msgId=0, event=)
2018-08-24 00:15:19.655 DEBUG 18420 --- [http-nio-8080-exec-4] xyz.mrcroxx.hgserver.WXcontroller        : WXMessage(toUsername=fromUserName, fromUserName=toUserName, createTime=1348831860, msgType=text, content=cp, msgId=0, event=)
2018-08-24 00:16:02.605  INFO 1152 --- [main] x.m.hgserver.HgserverApplicationKt       : Starting HgserverApplicationKt on Croxx with PID 1152 (F:\CroxxWorks\Web\hgserver\build\classes\kotlin\main started by croxx in F:\CroxxWorks\Web\hgserver)
2018-08-24 00:16:02.620 DEBUG 1152 --- [main] x.m.hgserver.HgserverApplicationKt       : Running with Spring Boot v2.0.4.RELEASE, Spring v5.0.8.RELEASE
2018-08-24 00:16:02.620  INFO 1152 --- [main] x.m.hgserver.HgserverApplicationKt       : No active profile set, falling back to default profiles: default
2018-08-24 00:16:02.667  INFO 1152 --- [main] ConfigServletWebServerApplicationContext : Refreshing org.springframework.boot.web.servlet.context.AnnotationConfigServletWebServerApplicationContext@1b84f475: startup date [Fri Aug 24 00:16:02 CST 2018]; root of context hierarchy
2018-08-24 00:16:03.449  INFO 1152 --- [main] .s.d.r.c.RepositoryConfigurationDelegate : Multiple Spring Data modules found, entering strict repository configuration mode!
2018-08-24 00:16:03.511  INFO 1152 --- [main] .s.d.r.c.RepositoryConfigurationDelegate : Multiple Spring Data modules found, entering strict repository configuration mode!
2018-08-24 00:16:03.511  INFO 1152 --- [main] .RepositoryConfigurationExtensionSupport : Spring Data Redis - Could not safely identify store assignment for repository candidate interface xyz.mrcroxx.hgserver.A1Repository.
2018-08-24 00:16:03.964  INFO 1152 --- [main] trationDelegate$BeanPostProcessorChecker : Bean 'org.springframework.transaction.annotation.ProxyTransactionManagementConfiguration' of type [org.springframework.transaction.annotation.ProxyTransactionManagementConfiguration$$EnhancerBySpringCGLIB$$2a2930c4] is not eligible for getting processed by all BeanPostProcessors (for example: not eligible for auto-proxying)
2018-08-24 00:16:04.605  INFO 1152 --- [main] o.s.b.w.embedded.tomcat.TomcatWebServer  : Tomcat initialized with port(s): 8080 (http)
2018-08-24 00:16:04.636  INFO 1152 --- [main] o.apache.catalina.core.StandardService   : Starting service [Tomcat]
2018-08-24 00:16:04.636  INFO 1152 --- [main] org.apache.catalina.core.StandardEngine  : Starting Servlet Engine: Apache Tomcat/8.5.32
2018-08-24 00:16:04.652  INFO 1152 --- [localhost-startStop-1] o.a.catalina.core.AprLifecycleListener   : The APR based Apache Tomcat Native library which allows optimal performance in production environments was not found on the java.library.path: [C:\Program Files\Java\jdk-10.0.2\bin;C:\Windows\Sun\Java\bin;C:\Windows\system32;C:\Windows;C:\Program Files\NVIDIA GPU Computing Toolkit\CUDA\v9.0\bin;C:\Program Files\NVIDIA GPU Computing Toolkit\CUDA\v9.0\libnvvp;C:\Program Files (x86)\Intel\Intel(R) Management Engine Components\iCLS\;C:\Program Files\Intel\Intel(R) Management Engine Components\iCLS\;C:\Program Files (x86)\Common Files\Oracle\Java\javapath;C:\Windows\system32;C:\Windows;C:\Windows\System32\Wbem;C:\Windows\System32\WindowsPowerShell\v1.0\;C:\Windows\System32\OpenSSH\;C:\Program Files\Intel\WiFi\bin\;C:\Program Files\Common Files\Intel\WirelessCommon\;C:\Program Files\Java\jdk-10.0.2\bin;D:\Program Files\Git\cmd;C:\Program Files (x86)\Intel\Intel(R) Management Engine Components\DAL;C:\Program Files\Intel\Intel(R) Management Engine Components\DAL;C:\Program Files (x86)\Intel\Intel(R) Management Engine Components\IPT;C:\Program Files\Intel\Intel(R) Management Engine Components\IPT;D:\Program Files\Microsoft VS Code\bin;C:\Program Files (x86)\NVIDIA Corporation\PhysX\Common;D:\Program Files\PuTTY\;C:\Users\croxx\AppData\Local\Programs\Python\Python36\Scripts\;C:\Users\croxx\AppData\Local\Programs\Python\Python36\;C:\Users\croxx\AppData\Local\Microsoft\WindowsApps;D:\Program Files\Bandizip\;C:\Program Files\Intel\WiFi\bin\;C:\Program Files\Common Files\Intel\WirelessCommon\;.]
2018-08-24 00:16:04.855  INFO 1152 --- [localhost-startStop-1] o.a.c.c.C.[Tomcat].[localhost].[/]       : Initializing Spring embedded WebApplicationContext
2018-08-24 00:16:04.855  INFO 1152 --- [localhost-startStop-1] o.s.web.context.ContextLoader            : Root WebApplicationContext: initialization completed in 2188 ms
2018-08-24 00:16:04.949  INFO 1152 --- [localhost-startStop-1] o.s.b.w.servlet.ServletRegistrationBean  : Servlet dispatcherServlet mapped to [/]
2018-08-24 00:16:04.949  INFO 1152 --- [localhost-startStop-1] o.s.b.w.servlet.FilterRegistrationBean   : Mapping filter: 'characterEncodingFilter' to: [/*]
2018-08-24 00:16:04.949  INFO 1152 --- [localhost-startStop-1] o.s.b.w.servlet.FilterRegistrationBean   : Mapping filter: 'hiddenHttpMethodFilter' to: [/*]
2018-08-24 00:16:04.949  INFO 1152 --- [localhost-startStop-1] o.s.b.w.servlet.FilterRegistrationBean   : Mapping filter: 'httpPutFormContentFilter' to: [/*]
2018-08-24 00:16:04.949  INFO 1152 --- [localhost-startStop-1] o.s.b.w.servlet.FilterRegistrationBean   : Mapping filter: 'requestContextFilter' to: [/*]
2018-08-24 00:16:05.139  INFO 1152 --- [main] j.LocalContainerEntityManagerFactoryBean : Building JPA container EntityManagerFactory for persistence unit 'default'
2018-08-24 00:16:05.155  INFO 1152 --- [main] o.hibernate.jpa.internal.util.LogHelper  : HHH000204: Processing PersistenceUnitInfo [
	name: default
	...]
2018-08-24 00:16:05.217  INFO 1152 --- [main] org.hibernate.Version                    : HHH000412: Hibernate Core {5.2.17.Final}
2018-08-24 00:16:05.217  INFO 1152 --- [main] org.hibernate.cfg.Environment            : HHH000206: hibernate.properties not found
2018-08-24 00:16:05.248  INFO 1152 --- [main] o.hibernate.annotations.common.Version   : HCANN000001: Hibernate Commons Annotations {5.0.1.Final}
2018-08-24 00:16:05.358  INFO 1152 --- [main] com.zaxxer.hikari.HikariDataSource       : HikariPool-1 - Starting...
2018-08-24 00:16:05.948  INFO 1152 --- [main] com.zaxxer.hikari.HikariDataSource       : HikariPool-1 - Start completed.
2018-08-24 00:16:05.964  INFO 1152 --- [main] org.hibernate.dialect.Dialect            : HHH000400: Using dialect: org.hibernate.dialect.MySQL5Dialect
2018-08-24 00:16:06.683  INFO 1152 --- [main] j.LocalContainerEntityManagerFactoryBean : Initialized JPA EntityManagerFactory for persistence unit 'default'
2018-08-24 00:16:07.542  INFO 1152 --- [main] o.s.w.s.handler.SimpleUrlHandlerMapping  : Mapped URL path [/**/favicon.ico] onto handler of type [class org.springframework.web.servlet.resource.ResourceHttpRequestHandler]
2018-08-24 00:16:07.776  INFO 1152 --- [main] s.w.s.m.m.a.RequestMappingHandlerAdapter : Looking for @ControllerAdvice: org.springframework.boot.web.servlet.context.AnnotationConfigServletWebServerApplicationContext@1b84f475: startup date [Fri Aug 24 00:16:02 CST 2018]; root of context hierarchy
2018-08-24 00:16:07.808  WARN 1152 --- [main] aWebConfiguration$JpaWebMvcConfiguration : spring.jpa.open-in-view is enabled by default. Therefore, database queries may be performed during view rendering. Explicitly configure spring.jpa.open-in-view to disable this warning
2018-08-24 00:16:07.839  INFO 1152 --- [main] s.w.s.m.m.a.RequestMappingHandlerMapping : Mapped "{[/test],methods=[GET]}" onto public java.lang.String xyz.mrcroxx.hgserver.WXcontroller.test()
2018-08-24 00:16:07.839  INFO 1152 --- [main] s.w.s.m.m.a.RequestMappingHandlerMapping : Mapped "{[/wx],methods=[POST],consumes=[text/xml],produces=[text/xml]}" onto public xyz.mrcroxx.hgserver.WXMessage xyz.mrcroxx.hgserver.WXcontroller.wxPost(xyz.mrcroxx.hgserver.WXMessage)
2018-08-24 00:16:07.839  INFO 1152 --- [main] s.w.s.m.m.a.RequestMappingHandlerMapping : Mapped "{[/wx],methods=[GET]}" onto public java.lang.String xyz.mrcroxx.hgserver.WXcontroller.wxGet(java.lang.String,java.lang.String,java.lang.String,java.lang.String)
2018-08-24 00:16:07.839  INFO 1152 --- [main] s.w.s.m.m.a.RequestMappingHandlerMapping : Mapped "{[/testt],methods=[GET]}" onto public java.lang.String xyz.mrcroxx.hgserver.WXcontroller.testt()
2018-08-24 00:16:07.854  INFO 1152 --- [main] s.w.s.m.m.a.RequestMappingHandlerMapping : Mapped "{[/error]}" onto public org.springframework.http.ResponseEntity<java.util.Map<java.lang.String, java.lang.Object>> org.springframework.boot.autoconfigure.web.servlet.error.BasicErrorController.error(javax.servlet.http.HttpServletRequest)
2018-08-24 00:16:07.854  INFO 1152 --- [main] s.w.s.m.m.a.RequestMappingHandlerMapping : Mapped "{[/error],produces=[text/html]}" onto public org.springframework.web.servlet.ModelAndView org.springframework.boot.autoconfigure.web.servlet.error.BasicErrorController.errorHtml(javax.servlet.http.HttpServletRequest,javax.servlet.http.HttpServletResponse)
2018-08-24 00:16:07.870  INFO 1152 --- [main] o.s.w.s.handler.SimpleUrlHandlerMapping  : Mapped URL path [/webjars/**] onto handler of type [class org.springframework.web.servlet.resource.ResourceHttpRequestHandler]
2018-08-24 00:16:07.870  INFO 1152 --- [main] o.s.w.s.handler.SimpleUrlHandlerMapping  : Mapped URL path [/**] onto handler of type [class org.springframework.web.servlet.resource.ResourceHttpRequestHandler]
2018-08-24 00:16:08.201  INFO 1152 --- [main] o.s.j.e.a.AnnotationMBeanExporter        : Registering beans for JMX exposure on startup
2018-08-24 00:16:08.201  INFO 1152 --- [main] o.s.j.e.a.AnnotationMBeanExporter        : Bean with name 'dataSource' has been autodetected for JMX exposure
2018-08-24 00:16:08.216  INFO 1152 --- [main] o.s.j.e.a.AnnotationMBeanExporter        : Located MBean 'dataSource': registering with JMX server as MBean [com.zaxxer.hikari:name=dataSource,type=HikariDataSource]
2018-08-24 00:16:08.248  INFO 1152 --- [main] o.s.b.w.embedded.tomcat.TomcatWebServer  : Tomcat started on port(s): 8080 (http) with context path ''
2018-08-24 00:16:08.248  INFO 1152 --- [main] x.m.hgserver.HgserverApplicationKt       : Started HgserverApplicationKt in 6.173 seconds (JVM running for 6.811)
2018-08-24 10:32:20.150  INFO 12292 --- [main] x.m.hgserver.HgserverApplicationKt       : Starting HgserverApplicationKt on Croxx with PID 12292 (F:\CroxxWorks\Web\hgserver\out\production\classes started by croxx in F:\CroxxWorks\Web\hgserver)
2018-08-24 10:32:20.153 DEBUG 12292 --- [main] x.m.hgserver.HgserverApplicationKt       : Running with Spring Boot v2.0.4.RELEASE, Spring v5.0.8.RELEASE
2018-08-24 10:32:20.154  INFO 12292 --- [main] x.m.hgserver.HgserverApplicationKt       : No active profile set, falling back to default profiles: default
2018-08-24 10:32:20.196  INFO 12292 --- [main] ConfigServletWebServerApplicationContext : Refreshing org.springframework.boot.web.servlet.context.AnnotationConfigServletWebServerApplicationContext@3a0d172f: startup date [Fri Aug 24 10:32:20 CST 2018]; root of context hierarchy
2018-08-24 10:32:20.937  INFO 12292 --- [main] .s.d.r.c.RepositoryConfigurationDelegate : Multiple Spring Data modules found, entering strict repository configuration mode!
2018-08-24 10:32:20.976  INFO 12292 --- [main] .s.d.r.c.RepositoryConfigurationDelegate : Multiple Spring Data modules found, entering strict repository configuration mode!
2018-08-24 10:32:20.984  INFO 12292 --- [main] .RepositoryConfigurationExtensionSupport : Spring Data Redis - Could not safely identify store assignment for repository candidate interface xyz.mrcroxx.hgserver.A1Repository.
2018-08-24 10:32:21.249  INFO 12292 --- [main] trationDelegate$BeanPostProcessorChecker : Bean 'org.springframework.transaction.annotation.ProxyTransactionManagementConfiguration' of type [org.springframework.transaction.annotation.ProxyTransactionManagementConfiguration$$EnhancerBySpringCGLIB$$dce798ca] is not eligible for getting processed by all BeanPostProcessors (for example: not eligible for auto-proxying)
2018-08-24 10:32:21.550  INFO 12292 --- [main] o.s.b.w.embedded.tomcat.TomcatWebServer  : Tomcat initialized with port(s): 8080 (http)
2018-08-24 10:32:21.569  INFO 12292 --- [main] o.apache.catalina.core.StandardService   : Starting service [Tomcat]
2018-08-24 10:32:21.569  INFO 12292 --- [main] org.apache.catalina.core.StandardEngine  : Starting Servlet Engine: Apache Tomcat/8.5.32
2018-08-24 10:32:21.574  INFO 12292 --- [localhost-startStop-1] o.a.catalina.core.AprLifecycleListener   : The APR based Apache Tomcat Native library which allows optimal performance in production environments was not found on the java.library.path: [C:\Program Files\Java\jdk-10.0.2\bin;C:\Windows\Sun\Java\bin;C:\Windows\system32;C:\Windows;C:\Program Files\NVIDIA GPU Computing Toolkit\CUDA\v9.0\bin;C:\Program Files\NVIDIA GPU Computing Toolkit\CUDA\v9.0\libnvvp;C:\Program Files (x86)\Intel\Intel(R) Management Engine Components\iCLS\;C:\Program Files\Intel\Intel(R) Management Engine Components\iCLS\;C:\Program Files (x86)\Common Files\Oracle\Java\javapath;C:\Windows\system32;C:\Windows;C:\Windows\System32\Wbem;C:\Windows\System32\WindowsPowerShell\v1.0\;C:\Windows\System32\OpenSSH\;C:\Program Files\Intel\WiFi\bin\;C:\Program Files\Common Files\Intel\WirelessCommon\;C:\Program Files\Java\jdk-10.0.2\bin;D:\Program Files\Git\cmd;C:\Program Files (x86)\Intel\Intel(R) Management Engine Components\DAL;C:\Program Files\Intel\Intel(R) Management Engine Components\DAL;C:\Program Files (x86)\Intel\Intel(R) Management Engine Components\IPT;C:\Program Files\Intel\Intel(R) Management Engine Components\IPT;D:\Program Files\Microsoft VS Code\bin;C:\Program Files (x86)\NVIDIA Corporation\PhysX\Common;D:\Program Files\PuTTY\;C:\Users\croxx\AppData\Local\Programs\Python\Python36\Scripts\;C:\Users\croxx\AppData\Local\Programs\Python\Python36\;C:\Users\croxx\AppData\Local\Microsoft\WindowsApps;D:\Program Files\Bandizip\;C:\Program Files\Intel\WiFi\bin\;C:\Program Files\Common Files\Intel\WirelessCommon\;.]
2018-08-24 10:32:21.726  INFO 12292 --- [localhost-startStop-1] o.a.c.c.C.[Tomcat].[localhost].[/]       : Initializing Spring embedded WebApplicationContext
2018-08-24 10:32:21.726  INFO 12292 --- [localhost-startStop-1] o.s.web.context.ContextLoader            : Root WebApplicationContext: initialization completed in 1530 ms
2018-08-24 10:32:21.810  INFO 12292 --- [localhost-startStop-1] o.s.b.w.servlet.ServletRegistrationBean  : Servlet dispatcherServlet mapped to [/]
2018-08-24 10:32:21.815  INFO 12292 --- [localhost-startStop-1] o.s.b.w.servlet.FilterRegistrationBean   : Mapping filter: 'characterEncodingFilter' to: [/*]
2018-08-24 10:32:21.815  INFO 12292 --- [localhost-startStop-1] o.s.b.w.servlet.FilterRegistrationBean   : Mapping filter: 'hiddenHttpMethodFilter' to: [/*]
2018-08-24 10:32:21.816  INFO 12292 --- [localhost-startStop-1] o.s.b.w.servlet.FilterRegistrationBean   : Mapping filter: 'httpPutFormContentFilter' to: [/*]
2018-08-24 10:32:21.816  INFO 12292 --- [localhost-startStop-1] o.s.b.w.servlet.FilterRegistrationBean   : Mapping filter: 'requestContextFilter' to: [/*]
2018-08-24 10:32:21.930  INFO 12292 --- [main] j.LocalContainerEntityManagerFactoryBean : Building JPA container EntityManagerFactory for persistence unit 'default'
2018-08-24 10:32:21.939  INFO 12292 --- [main] o.hibernate.jpa.internal.util.LogHelper  : HHH000204: Processing PersistenceUnitInfo [
	name: default
	...]
2018-08-24 10:32:21.979  INFO 12292 --- [main] org.hibernate.Version                    : HHH000412: Hibernate Core {5.2.17.Final}
2018-08-24 10:32:21.981  INFO 12292 --- [main] org.hibernate.cfg.Environment            : HHH000206: hibernate.properties not found
2018-08-24 10:32:22.007  INFO 12292 --- [main] o.hibernate.annotations.common.Version   : HCANN000001: Hibernate Commons Annotations {5.0.1.Final}
2018-08-24 10:32:22.082  INFO 12292 --- [main] com.zaxxer.hikari.HikariDataSource       : HikariPool-1 - Starting...
2018-08-24 10:32:22.586  INFO 12292 --- [main] com.zaxxer.hikari.HikariDataSource       : HikariPool-1 - Start completed.
2018-08-24 10:32:22.593  INFO 12292 --- [main] org.hibernate.dialect.Dialect            : HHH000400: Using dialect: org.hibernate.dialect.MySQL5Dialect
2018-08-24 10:32:23.053  INFO 12292 --- [main] j.LocalContainerEntityManagerFactoryBean : Initialized JPA EntityManagerFactory for persistence unit 'default'
2018-08-24 10:32:23.473  INFO 12292 --- [main] o.s.w.s.handler.SimpleUrlHandlerMapping  : Mapped URL path [/**/favicon.ico] onto handler of type [class org.springframework.web.servlet.resource.ResourceHttpRequestHandler]
2018-08-24 10:32:23.652  INFO 12292 --- [main] s.w.s.m.m.a.RequestMappingHandlerAdapter : Looking for @ControllerAdvice: org.springframework.boot.web.servlet.context.AnnotationConfigServletWebServerApplicationContext@3a0d172f: startup date [Fri Aug 24 10:32:20 CST 2018]; root of context hierarchy
2018-08-24 10:32:23.673  WARN 12292 --- [main] aWebConfiguration$JpaWebMvcConfiguration : spring.jpa.open-in-view is enabled by default. Therefore, database queries may be performed during view rendering. Explicitly configure spring.jpa.open-in-view to disable this warning
2018-08-24 10:32:23.694  INFO 12292 --- [main] s.w.s.m.m.a.RequestMappingHandlerMapping : Mapped "{[/testt],methods=[GET]}" onto public java.lang.String xyz.mrcroxx.hgserver.WXcontroller.testt()
2018-08-24 10:32:23.696  INFO 12292 --- [main] s.w.s.m.m.a.RequestMappingHandlerMapping : Mapped "{[/wx],methods=[GET]}" onto public java.lang.String xyz.mrcroxx.hgserver.WXcontroller.wxGet(java.lang.String,java.lang.String,java.lang.String,java.lang.String)
2018-08-24 10:32:23.696  INFO 12292 --- [main] s.w.s.m.m.a.RequestMappingHandlerMapping : Mapped "{[/wx],methods=[POST],consumes=[text/xml],produces=[text/xml]}" onto public xyz.mrcroxx.hgserver.WXMessage xyz.mrcroxx.hgserver.WXcontroller.wxPost(xyz.mrcroxx.hgserver.WXMessage)
2018-08-24 10:32:23.697  INFO 12292 --- [main] s.w.s.m.m.a.RequestMappingHandlerMapping : Mapped "{[/test],methods=[GET]}" onto public java.lang.String xyz.mrcroxx.hgserver.WXcontroller.test()
2018-08-24 10:32:23.698  INFO 12292 --- [main] s.w.s.m.m.a.RequestMappingHandlerMapping : Mapped "{[/error],produces=[text/html]}" onto public org.springframework.web.servlet.ModelAndView org.springframework.boot.autoconfigure.web.servlet.error.BasicErrorController.errorHtml(javax.servlet.http.HttpServletRequest,javax.servlet.http.HttpServletResponse)
2018-08-24 10:32:23.699  INFO 12292 --- [main] s.w.s.m.m.a.RequestMappingHandlerMapping : Mapped "{[/error]}" onto public org.springframework.http.ResponseEntity<java.util.Map<java.lang.String, java.lang.Object>> org.springframework.boot.autoconfigure.web.servlet.error.BasicErrorController.error(javax.servlet.http.HttpServletRequest)
2018-08-24 10:32:23.718  INFO 12292 --- [main] o.s.w.s.handler.SimpleUrlHandlerMapping  : Mapped URL path [/webjars/**] onto handler of type [class org.springframework.web.servlet.resource.ResourceHttpRequestHandler]
2018-08-24 10:32:23.718  INFO 12292 --- [main] o.s.w.s.handler.SimpleUrlHandlerMapping  : Mapped URL path [/**] onto handler of type [class org.springframework.web.servlet.resource.ResourceHttpRequestHandler]
2018-08-24 10:32:24.004  INFO 12292 --- [main] o.s.j.e.a.AnnotationMBeanExporter        : Registering beans for JMX exposure on startup
2018-08-24 10:32:24.005  INFO 12292 --- [main] o.s.j.e.a.AnnotationMBeanExporter        : Bean with name 'dataSource' has been autodetected for JMX exposure
2018-08-24 10:32:24.010  INFO 12292 --- [main] o.s.j.e.a.AnnotationMBeanExporter        : Located MBean 'dataSource': registering with JMX server as MBean [com.zaxxer.hikari:name=dataSource,type=HikariDataSource]
2018-08-24 10:32:24.039  INFO 12292 --- [main] o.s.b.w.embedded.tomcat.TomcatWebServer  : Tomcat started on port(s): 8080 (http) with context path ''
2018-08-24 10:32:24.042  INFO 12292 --- [main] x.m.hgserver.HgserverApplicationKt       : Started HgserverApplicationKt in 4.301 seconds (JVM running for 5.408)
